{"/home/atikur/Documents/RestAPI-with-role-based-authentication-and-content-negotiation/app.js": {"path":"/home/atikur/Documents/RestAPI-with-role-based-authentication-and-content-negotiation/app.js","statementMap":{"0":{"start":{"line":1,"column":16},"end":{"line":1,"column":34}},"1":{"start":{"line":2,"column":15},"end":{"line":2,"column":41}},"2":{"start":{"line":4,"column":12},"end":{"line":4,"column":21}},"3":{"start":{"line":7,"column":0},"end":{"line":7,"column":24}},"4":{"start":{"line":9,"column":0},"end":{"line":9,"column":15}},"5":{"start":{"line":11,"column":0},"end":{"line":11,"column":21}}},"fnMap":{},"branchMap":{},"s":{"0":1,"1":1,"2":1,"3":1,"4":1,"5":1},"f":{},"b":{},"_coverageSchema":"1a1c01bbd47fc00a2c39e90264f33305004495a9","hash":"942be636485cd8a5380dc4405ba34288638d183a"}
,"/home/atikur/Documents/RestAPI-with-role-based-authentication-and-content-negotiation/config/DBconfig.js": {"path":"/home/atikur/Documents/RestAPI-with-role-based-authentication-and-content-negotiation/config/DBconfig.js","statementMap":{"0":{"start":{"line":1,"column":0},"end":{"line":1,"column":27}},"1":{"start":{"line":3,"column":0},"end":{"line":8,"column":2}}},"fnMap":{},"branchMap":{"0":{"loc":{"start":{"line":7,"column":9},"end":{"line":7,"column":73}},"type":"cond-expr","locations":[{"start":{"line":7,"column":39},"end":{"line":7,"column":58}},{"start":{"line":7,"column":59},"end":{"line":7,"column":73}}],"line":7}},"s":{"0":3,"1":3},"f":{},"b":{"0":[3,0]},"_coverageSchema":"1a1c01bbd47fc00a2c39e90264f33305004495a9","hash":"ca9fad8fe578f4dd1044f9f656f1a90c3b748fe2"}
,"/home/atikur/Documents/RestAPI-with-role-based-authentication-and-content-negotiation/config/DBinitializer.js": {"path":"/home/atikur/Documents/RestAPI-with-role-based-authentication-and-content-negotiation/config/DBinitializer.js","statementMap":{"0":{"start":{"line":1,"column":12},"end":{"line":1,"column":34}},"1":{"start":{"line":3,"column":0},"end":{"line":82,"column":1}},"2":{"start":{"line":5,"column":4},"end":{"line":25,"column":5}},"3":{"start":{"line":8,"column":24},"end":{"line":8,"column":55}},"4":{"start":{"line":9,"column":8},"end":{"line":15,"column":11}},"5":{"start":{"line":10,"column":12},"end":{"line":13,"column":13}},"6":{"start":{"line":11,"column":16},"end":{"line":11,"column":60}},"7":{"start":{"line":12,"column":16},"end":{"line":12,"column":33}},"8":{"start":{"line":14,"column":12},"end":{"line":14,"column":49}},"9":{"start":{"line":17,"column":8},"end":{"line":17,"column":51}},"10":{"start":{"line":18,"column":8},"end":{"line":24,"column":11}},"11":{"start":{"line":19,"column":12},"end":{"line":22,"column":13}},"12":{"start":{"line":20,"column":16},"end":{"line":20,"column":59}},"13":{"start":{"line":21,"column":16},"end":{"line":21,"column":33}},"14":{"start":{"line":23,"column":12},"end":{"line":23,"column":48}},"15":{"start":{"line":29,"column":20},"end":{"line":29,"column":159}},"16":{"start":{"line":30,"column":4},"end":{"line":37,"column":7}},"17":{"start":{"line":31,"column":8},"end":{"line":34,"column":9}},"18":{"start":{"line":32,"column":12},"end":{"line":32,"column":58}},"19":{"start":{"line":33,"column":12},"end":{"line":33,"column":29}},"20":{"start":{"line":35,"column":8},"end":{"line":35,"column":46}},"21":{"start":{"line":41,"column":15},"end":{"line":51,"column":6}},"22":{"start":{"line":42,"column":24},"end":{"line":42,"column":137}},"23":{"start":{"line":43,"column":8},"end":{"line":50,"column":10}},"24":{"start":{"line":44,"column":12},"end":{"line":47,"column":13}},"25":{"start":{"line":45,"column":16},"end":{"line":45,"column":60}},"26":{"start":{"line":46,"column":16},"end":{"line":46,"column":28}},"27":{"start":{"line":48,"column":12},"end":{"line":48,"column":48}},"28":{"start":{"line":49,"column":12},"end":{"line":49,"column":22}},"29":{"start":{"line":53,"column":4},"end":{"line":78,"column":39}},"30":{"start":{"line":54,"column":24},"end":{"line":54,"column":38}},"31":{"start":{"line":56,"column":8},"end":{"line":61,"column":10}},"32":{"start":{"line":57,"column":12},"end":{"line":59,"column":13}},"33":{"start":{"line":58,"column":16},"end":{"line":58,"column":27}},"34":{"start":{"line":60,"column":12},"end":{"line":60,"column":22}},"35":{"start":{"line":63,"column":24},"end":{"line":63,"column":171}},"36":{"start":{"line":65,"column":8},"end":{"line":69,"column":10}},"37":{"start":{"line":66,"column":12},"end":{"line":68,"column":13}},"38":{"start":{"line":67,"column":16},"end":{"line":67,"column":27}},"39":{"start":{"line":71,"column":24},"end":{"line":71,"column":37}},"40":{"start":{"line":73,"column":8},"end":{"line":77,"column":10}},"41":{"start":{"line":74,"column":12},"end":{"line":76,"column":13}},"42":{"start":{"line":75,"column":16},"end":{"line":75,"column":27}},"43":{"start":{"line":78,"column":21},"end":{"line":78,"column":37}},"44":{"start":{"line":80,"column":4},"end":{"line":80,"column":47}}},"fnMap":{"0":{"name":"(anonymous_0)","decl":{"start":{"line":3,"column":17},"end":{"line":3,"column":18}},"loc":{"start":{"line":3,"column":38},"end":{"line":82,"column":1}},"line":3},"1":{"name":"(anonymous_1)","decl":{"start":{"line":9,"column":29},"end":{"line":9,"column":30}},"loc":{"start":{"line":9,"column":41},"end":{"line":15,"column":9}},"line":9},"2":{"name":"(anonymous_2)","decl":{"start":{"line":18,"column":29},"end":{"line":18,"column":30}},"loc":{"start":{"line":18,"column":41},"end":{"line":24,"column":9}},"line":18},"3":{"name":"(anonymous_3)","decl":{"start":{"line":30,"column":25},"end":{"line":30,"column":26}},"loc":{"start":{"line":30,"column":37},"end":{"line":37,"column":5}},"line":30},"4":{"name":"(anonymous_4)","decl":{"start":{"line":41,"column":27},"end":{"line":41,"column":28}},"loc":{"start":{"line":41,"column":46},"end":{"line":51,"column":5}},"line":41},"5":{"name":"(anonymous_5)","decl":{"start":{"line":43,"column":29},"end":{"line":43,"column":30}},"loc":{"start":{"line":43,"column":41},"end":{"line":50,"column":9}},"line":43},"6":{"name":"(anonymous_6)","decl":{"start":{"line":53,"column":15},"end":{"line":53,"column":16}},"loc":{"start":{"line":53,"column":19},"end":{"line":62,"column":5}},"line":53},"7":{"name":"(anonymous_7)","decl":{"start":{"line":56,"column":29},"end":{"line":56,"column":30}},"loc":{"start":{"line":56,"column":41},"end":{"line":61,"column":9}},"line":56},"8":{"name":"(anonymous_8)","decl":{"start":{"line":62,"column":12},"end":{"line":62,"column":13}},"loc":{"start":{"line":62,"column":16},"end":{"line":70,"column":5}},"line":62},"9":{"name":"(anonymous_9)","decl":{"start":{"line":65,"column":29},"end":{"line":65,"column":30}},"loc":{"start":{"line":65,"column":41},"end":{"line":69,"column":9}},"line":65},"10":{"name":"(anonymous_10)","decl":{"start":{"line":70,"column":13},"end":{"line":70,"column":14}},"loc":{"start":{"line":70,"column":17},"end":{"line":78,"column":5}},"line":70},"11":{"name":"(anonymous_11)","decl":{"start":{"line":73,"column":29},"end":{"line":73,"column":30}},"loc":{"start":{"line":73,"column":41},"end":{"line":77,"column":9}},"line":73},"12":{"name":"(anonymous_12)","decl":{"start":{"line":78,"column":14},"end":{"line":78,"column":15}},"loc":{"start":{"line":78,"column":21},"end":{"line":78,"column":37}},"line":78}},"branchMap":{"0":{"loc":{"start":{"line":3,"column":24},"end":{"line":3,"column":35}},"type":"default-arg","locations":[{"start":{"line":3,"column":30},"end":{"line":3,"column":35}}],"line":3},"1":{"loc":{"start":{"line":5,"column":4},"end":{"line":25,"column":5}},"type":"if","locations":[{"start":{"line":5,"column":4},"end":{"line":25,"column":5}},{"start":{"line":5,"column":4},"end":{"line":25,"column":5}}],"line":5},"2":{"loc":{"start":{"line":10,"column":12},"end":{"line":13,"column":13}},"type":"if","locations":[{"start":{"line":10,"column":12},"end":{"line":13,"column":13}},{"start":{"line":10,"column":12},"end":{"line":13,"column":13}}],"line":10},"3":{"loc":{"start":{"line":19,"column":12},"end":{"line":22,"column":13}},"type":"if","locations":[{"start":{"line":19,"column":12},"end":{"line":22,"column":13}},{"start":{"line":19,"column":12},"end":{"line":22,"column":13}}],"line":19},"4":{"loc":{"start":{"line":31,"column":8},"end":{"line":34,"column":9}},"type":"if","locations":[{"start":{"line":31,"column":8},"end":{"line":34,"column":9}},{"start":{"line":31,"column":8},"end":{"line":34,"column":9}}],"line":31},"5":{"loc":{"start":{"line":44,"column":12},"end":{"line":47,"column":13}},"type":"if","locations":[{"start":{"line":44,"column":12},"end":{"line":47,"column":13}},{"start":{"line":44,"column":12},"end":{"line":47,"column":13}}],"line":44},"6":{"loc":{"start":{"line":57,"column":12},"end":{"line":59,"column":13}},"type":"if","locations":[{"start":{"line":57,"column":12},"end":{"line":59,"column":13}},{"start":{"line":57,"column":12},"end":{"line":59,"column":13}}],"line":57},"7":{"loc":{"start":{"line":66,"column":12},"end":{"line":68,"column":13}},"type":"if","locations":[{"start":{"line":66,"column":12},"end":{"line":68,"column":13}},{"start":{"line":66,"column":12},"end":{"line":68,"column":13}}],"line":66},"8":{"loc":{"start":{"line":74,"column":12},"end":{"line":76,"column":13}},"type":"if","locations":[{"start":{"line":74,"column":12},"end":{"line":76,"column":13}},{"start":{"line":74,"column":12},"end":{"line":76,"column":13}}],"line":74}},"s":{"0":1,"1":1,"2":1,"3":1,"4":1,"5":1,"6":0,"7":0,"8":1,"9":1,"10":1,"11":1,"12":0,"13":0,"14":1,"15":1,"16":1,"17":1,"18":0,"19":0,"20":1,"21":1,"22":1,"23":1,"24":1,"25":0,"26":0,"27":1,"28":1,"29":1,"30":1,"31":1,"32":1,"33":1,"34":0,"35":1,"36":1,"37":1,"38":0,"39":1,"40":1,"41":1,"42":1,"43":0,"44":1},"f":{"0":1,"1":1,"2":1,"3":1,"4":1,"5":1,"6":1,"7":1,"8":1,"9":1,"10":1,"11":1,"12":0},"b":{"0":[0],"1":[1,0],"2":[0,1],"3":[0,1],"4":[0,1],"5":[0,1],"6":[1,0],"7":[0,1],"8":[1,0]},"_coverageSchema":"1a1c01bbd47fc00a2c39e90264f33305004495a9","hash":"fe140512806c554faaece974bfe0e7b844500dce"}
,"/home/atikur/Documents/RestAPI-with-role-based-authentication-and-content-negotiation/controller/ArticleController.js": {"path":"/home/atikur/Documents/RestAPI-with-role-based-authentication-and-content-negotiation/controller/ArticleController.js","statementMap":{"0":{"start":{"line":1,"column":15},"end":{"line":1,"column":44}},"1":{"start":{"line":3,"column":26},"end":{"line":245,"column":1}},"2":{"start":{"line":6,"column":8},"end":{"line":37,"column":9}},"3":{"start":{"line":7,"column":25},"end":{"line":7,"column":48}},"4":{"start":{"line":9,"column":12},"end":{"line":9,"column":28}},"5":{"start":{"line":13,"column":12},"end":{"line":29,"column":15}},"6":{"start":{"line":15,"column":20},"end":{"line":15,"column":35}},"7":{"start":{"line":18,"column":20},"end":{"line":18,"column":50}},"8":{"start":{"line":21,"column":20},"end":{"line":21,"column":49}},"9":{"start":{"line":24,"column":20},"end":{"line":24,"column":49}},"10":{"start":{"line":27,"column":20},"end":{"line":27,"column":50}},"11":{"start":{"line":34,"column":12},"end":{"line":34,"column":29}},"12":{"start":{"line":35,"column":12},"end":{"line":35,"column":28}},"13":{"start":{"line":36,"column":12},"end":{"line":36,"column":53}},"14":{"start":{"line":41,"column":8},"end":{"line":53,"column":9}},"15":{"start":{"line":42,"column":12},"end":{"line":42,"column":43}},"16":{"start":{"line":43,"column":25},"end":{"line":43,"column":67}},"17":{"start":{"line":45,"column":12},"end":{"line":45,"column":28}},"18":{"start":{"line":46,"column":12},"end":{"line":46,"column":39}},"19":{"start":{"line":50,"column":12},"end":{"line":50,"column":29}},"20":{"start":{"line":51,"column":12},"end":{"line":51,"column":28}},"21":{"start":{"line":52,"column":12},"end":{"line":52,"column":53}},"22":{"start":{"line":57,"column":8},"end":{"line":93,"column":9}},"23":{"start":{"line":58,"column":12},"end":{"line":58,"column":55}},"24":{"start":{"line":59,"column":25},"end":{"line":59,"column":62}},"25":{"start":{"line":61,"column":12},"end":{"line":63,"column":13}},"26":{"start":{"line":62,"column":16},"end":{"line":62,"column":57}},"27":{"start":{"line":65,"column":12},"end":{"line":65,"column":48}},"28":{"start":{"line":68,"column":12},"end":{"line":68,"column":28}},"29":{"start":{"line":70,"column":12},"end":{"line":86,"column":15}},"30":{"start":{"line":72,"column":20},"end":{"line":72,"column":50}},"31":{"start":{"line":75,"column":20},"end":{"line":75,"column":49}},"32":{"start":{"line":78,"column":20},"end":{"line":78,"column":49}},"33":{"start":{"line":81,"column":20},"end":{"line":81,"column":50}},"34":{"start":{"line":84,"column":20},"end":{"line":84,"column":35}},"35":{"start":{"line":90,"column":12},"end":{"line":90,"column":29}},"36":{"start":{"line":91,"column":12},"end":{"line":91,"column":28}},"37":{"start":{"line":92,"column":12},"end":{"line":92,"column":53}},"38":{"start":{"line":98,"column":8},"end":{"line":150,"column":9}},"39":{"start":{"line":100,"column":35},"end":{"line":105,"column":13}},"40":{"start":{"line":107,"column":12},"end":{"line":107,"column":55}},"41":{"start":{"line":110,"column":31},"end":{"line":110,"column":68}},"42":{"start":{"line":111,"column":12},"end":{"line":111,"column":51}},"43":{"start":{"line":114,"column":12},"end":{"line":114,"column":61}},"44":{"start":{"line":117,"column":12},"end":{"line":119,"column":13}},"45":{"start":{"line":118,"column":16},"end":{"line":118,"column":74}},"46":{"start":{"line":122,"column":25},"end":{"line":122,"column":80}},"47":{"start":{"line":124,"column":12},"end":{"line":124,"column":28}},"48":{"start":{"line":126,"column":12},"end":{"line":142,"column":15}},"49":{"start":{"line":128,"column":20},"end":{"line":128,"column":50}},"50":{"start":{"line":131,"column":20},"end":{"line":131,"column":49}},"51":{"start":{"line":134,"column":20},"end":{"line":134,"column":49}},"52":{"start":{"line":137,"column":20},"end":{"line":137,"column":50}},"53":{"start":{"line":140,"column":20},"end":{"line":140,"column":35}},"54":{"start":{"line":147,"column":12},"end":{"line":147,"column":29}},"55":{"start":{"line":149,"column":12},"end":{"line":149,"column":75}},"56":{"start":{"line":154,"column":8},"end":{"line":174,"column":9}},"57":{"start":{"line":156,"column":28},"end":{"line":156,"column":65}},"58":{"start":{"line":157,"column":12},"end":{"line":157,"column":33}},"59":{"start":{"line":159,"column":12},"end":{"line":159,"column":58}},"60":{"start":{"line":161,"column":12},"end":{"line":163,"column":13}},"61":{"start":{"line":162,"column":16},"end":{"line":162,"column":74}},"62":{"start":{"line":165,"column":25},"end":{"line":165,"column":71}},"63":{"start":{"line":168,"column":12},"end":{"line":168,"column":46}},"64":{"start":{"line":172,"column":12},"end":{"line":172,"column":29}},"65":{"start":{"line":173,"column":12},"end":{"line":173,"column":76}},"66":{"start":{"line":180,"column":8},"end":{"line":184,"column":9}},"67":{"start":{"line":181,"column":12},"end":{"line":183,"column":15}},"68":{"start":{"line":186,"column":8},"end":{"line":186,"column":54}},"69":{"start":{"line":188,"column":8},"end":{"line":192,"column":9}},"70":{"start":{"line":189,"column":12},"end":{"line":191,"column":15}},"71":{"start":{"line":197,"column":24},"end":{"line":201,"column":9}},"72":{"start":{"line":203,"column":8},"end":{"line":203,"column":48}},"73":{"start":{"line":205,"column":8},"end":{"line":240,"column":9}},"74":{"start":{"line":207,"column":26},"end":{"line":207,"column":55}},"75":{"start":{"line":209,"column":12},"end":{"line":234,"column":13}},"76":{"start":{"line":211,"column":16},"end":{"line":211,"column":32}},"77":{"start":{"line":212,"column":16},"end":{"line":228,"column":19}},"78":{"start":{"line":214,"column":24},"end":{"line":214,"column":39}},"79":{"start":{"line":217,"column":24},"end":{"line":217,"column":54}},"80":{"start":{"line":220,"column":24},"end":{"line":220,"column":53}},"81":{"start":{"line":223,"column":24},"end":{"line":223,"column":53}},"82":{"start":{"line":226,"column":24},"end":{"line":226,"column":54}},"83":{"start":{"line":230,"column":16},"end":{"line":233,"column":19}},"84":{"start":{"line":237,"column":12},"end":{"line":239,"column":15}},"85":{"start":{"line":244,"column":4},"end":{"line":244,"column":112}},"86":{"start":{"line":247,"column":0},"end":{"line":247,"column":34}}},"fnMap":{"0":{"name":"(anonymous_0)","decl":{"start":{"line":3,"column":26},"end":{"line":3,"column":27}},"loc":{"start":{"line":3,"column":39},"end":{"line":245,"column":1}},"line":3},"1":{"name":"getArticles","decl":{"start":{"line":5,"column":19},"end":{"line":5,"column":30}},"loc":{"start":{"line":5,"column":41},"end":{"line":38,"column":5}},"line":5},"2":{"name":"(anonymous_2)","decl":{"start":{"line":14,"column":22},"end":{"line":14,"column":23}},"loc":{"start":{"line":14,"column":32},"end":{"line":16,"column":17}},"line":14},"3":{"name":"(anonymous_3)","decl":{"start":{"line":17,"column":22},"end":{"line":17,"column":23}},"loc":{"start":{"line":17,"column":33},"end":{"line":19,"column":17}},"line":17},"4":{"name":"(anonymous_4)","decl":{"start":{"line":20,"column":21},"end":{"line":20,"column":22}},"loc":{"start":{"line":20,"column":32},"end":{"line":22,"column":17}},"line":20},"5":{"name":"(anonymous_5)","decl":{"start":{"line":23,"column":21},"end":{"line":23,"column":22}},"loc":{"start":{"line":23,"column":32},"end":{"line":25,"column":17}},"line":23},"6":{"name":"(anonymous_6)","decl":{"start":{"line":26,"column":22},"end":{"line":26,"column":23}},"loc":{"start":{"line":26,"column":33},"end":{"line":28,"column":17}},"line":26},"7":{"name":"deleteArticles","decl":{"start":{"line":40,"column":19},"end":{"line":40,"column":33}},"loc":{"start":{"line":40,"column":44},"end":{"line":54,"column":5}},"line":40},"8":{"name":"getArticleByID","decl":{"start":{"line":56,"column":19},"end":{"line":56,"column":33}},"loc":{"start":{"line":56,"column":44},"end":{"line":94,"column":5}},"line":56},"9":{"name":"(anonymous_9)","decl":{"start":{"line":71,"column":22},"end":{"line":71,"column":23}},"loc":{"start":{"line":71,"column":33},"end":{"line":73,"column":17}},"line":71},"10":{"name":"(anonymous_10)","decl":{"start":{"line":74,"column":21},"end":{"line":74,"column":22}},"loc":{"start":{"line":74,"column":32},"end":{"line":76,"column":17}},"line":74},"11":{"name":"(anonymous_11)","decl":{"start":{"line":77,"column":21},"end":{"line":77,"column":22}},"loc":{"start":{"line":77,"column":32},"end":{"line":79,"column":17}},"line":77},"12":{"name":"(anonymous_12)","decl":{"start":{"line":80,"column":22},"end":{"line":80,"column":23}},"loc":{"start":{"line":80,"column":33},"end":{"line":82,"column":17}},"line":80},"13":{"name":"(anonymous_13)","decl":{"start":{"line":83,"column":22},"end":{"line":83,"column":23}},"loc":{"start":{"line":83,"column":32},"end":{"line":85,"column":17}},"line":83},"14":{"name":"updateArticleByID","decl":{"start":{"line":97,"column":19},"end":{"line":97,"column":36}},"loc":{"start":{"line":97,"column":47},"end":{"line":151,"column":5}},"line":97},"15":{"name":"(anonymous_15)","decl":{"start":{"line":127,"column":22},"end":{"line":127,"column":23}},"loc":{"start":{"line":127,"column":33},"end":{"line":129,"column":17}},"line":127},"16":{"name":"(anonymous_16)","decl":{"start":{"line":130,"column":21},"end":{"line":130,"column":22}},"loc":{"start":{"line":130,"column":32},"end":{"line":132,"column":17}},"line":130},"17":{"name":"(anonymous_17)","decl":{"start":{"line":133,"column":21},"end":{"line":133,"column":22}},"loc":{"start":{"line":133,"column":32},"end":{"line":135,"column":17}},"line":133},"18":{"name":"(anonymous_18)","decl":{"start":{"line":136,"column":22},"end":{"line":136,"column":23}},"loc":{"start":{"line":136,"column":33},"end":{"line":138,"column":17}},"line":136},"19":{"name":"(anonymous_19)","decl":{"start":{"line":139,"column":22},"end":{"line":139,"column":23}},"loc":{"start":{"line":139,"column":32},"end":{"line":141,"column":17}},"line":139},"20":{"name":"deleteArticleByID","decl":{"start":{"line":153,"column":19},"end":{"line":153,"column":36}},"loc":{"start":{"line":153,"column":47},"end":{"line":175,"column":5}},"line":153},"21":{"name":"createArticle","decl":{"start":{"line":177,"column":19},"end":{"line":177,"column":32}},"loc":{"start":{"line":177,"column":43},"end":{"line":242,"column":5}},"line":177},"22":{"name":"(anonymous_22)","decl":{"start":{"line":213,"column":26},"end":{"line":213,"column":27}},"loc":{"start":{"line":213,"column":36},"end":{"line":215,"column":21}},"line":213},"23":{"name":"(anonymous_23)","decl":{"start":{"line":216,"column":26},"end":{"line":216,"column":27}},"loc":{"start":{"line":216,"column":37},"end":{"line":218,"column":21}},"line":216},"24":{"name":"(anonymous_24)","decl":{"start":{"line":219,"column":25},"end":{"line":219,"column":26}},"loc":{"start":{"line":219,"column":36},"end":{"line":221,"column":21}},"line":219},"25":{"name":"(anonymous_25)","decl":{"start":{"line":222,"column":25},"end":{"line":222,"column":26}},"loc":{"start":{"line":222,"column":36},"end":{"line":224,"column":21}},"line":222},"26":{"name":"(anonymous_26)","decl":{"start":{"line":225,"column":27},"end":{"line":225,"column":28}},"loc":{"start":{"line":225,"column":38},"end":{"line":227,"column":21}},"line":225}},"branchMap":{"0":{"loc":{"start":{"line":61,"column":12},"end":{"line":63,"column":13}},"type":"if","locations":[{"start":{"line":61,"column":12},"end":{"line":63,"column":13}},{"start":{"line":61,"column":12},"end":{"line":63,"column":13}}],"line":61},"1":{"loc":{"start":{"line":117,"column":12},"end":{"line":119,"column":13}},"type":"if","locations":[{"start":{"line":117,"column":12},"end":{"line":119,"column":13}},{"start":{"line":117,"column":12},"end":{"line":119,"column":13}}],"line":117},"2":{"loc":{"start":{"line":161,"column":12},"end":{"line":163,"column":13}},"type":"if","locations":[{"start":{"line":161,"column":12},"end":{"line":163,"column":13}},{"start":{"line":161,"column":12},"end":{"line":163,"column":13}}],"line":161},"3":{"loc":{"start":{"line":180,"column":8},"end":{"line":184,"column":9}},"type":"if","locations":[{"start":{"line":180,"column":8},"end":{"line":184,"column":9}},{"start":{"line":180,"column":8},"end":{"line":184,"column":9}}],"line":180},"4":{"loc":{"start":{"line":188,"column":8},"end":{"line":192,"column":9}},"type":"if","locations":[{"start":{"line":188,"column":8},"end":{"line":192,"column":9}},{"start":{"line":188,"column":8},"end":{"line":192,"column":9}}],"line":188},"5":{"loc":{"start":{"line":188,"column":11},"end":{"line":188,"column":73}},"type":"binary-expr","locations":[{"start":{"line":188,"column":11},"end":{"line":188,"column":37}},{"start":{"line":188,"column":41},"end":{"line":188,"column":73}}],"line":188},"6":{"loc":{"start":{"line":209,"column":12},"end":{"line":234,"column":13}},"type":"if","locations":[{"start":{"line":209,"column":12},"end":{"line":234,"column":13}},{"start":{"line":209,"column":12},"end":{"line":234,"column":13}}],"line":209},"7":{"loc":{"start":{"line":232,"column":20},"end":{"line":232,"column":84}},"type":"binary-expr","locations":[{"start":{"line":232,"column":20},"end":{"line":232,"column":31}},{"start":{"line":232,"column":35},"end":{"line":232,"column":84}}],"line":232},"8":{"loc":{"start":{"line":238,"column":25},"end":{"line":238,"column":89}},"type":"binary-expr","locations":[{"start":{"line":238,"column":25},"end":{"line":238,"column":36}},{"start":{"line":238,"column":40},"end":{"line":238,"column":89}}],"line":238}},"s":{"0":2,"1":2,"2":2,"3":2,"4":2,"5":2,"6":1,"7":0,"8":0,"9":0,"10":0,"11":0,"12":0,"13":0,"14":0,"15":0,"16":0,"17":0,"18":0,"19":0,"20":0,"21":0,"22":2,"23":2,"24":2,"25":2,"26":1,"27":1,"28":1,"29":1,"30":1,"31":0,"32":0,"33":0,"34":0,"35":0,"36":0,"37":0,"38":2,"39":2,"40":2,"41":2,"42":2,"43":2,"44":2,"45":1,"46":1,"47":1,"48":1,"49":1,"50":0,"51":0,"52":0,"53":0,"54":0,"55":0,"56":2,"57":2,"58":2,"59":2,"60":1,"61":1,"62":0,"63":0,"64":1,"65":1,"66":3,"67":1,"68":2,"69":2,"70":1,"71":1,"72":1,"73":1,"74":1,"75":1,"76":1,"77":1,"78":1,"79":0,"80":0,"81":0,"82":0,"83":0,"84":0,"85":2,"86":2},"f":{"0":2,"1":2,"2":1,"3":0,"4":0,"5":0,"6":0,"7":0,"8":2,"9":1,"10":0,"11":0,"12":0,"13":0,"14":2,"15":1,"16":0,"17":0,"18":0,"19":0,"20":2,"21":3,"22":1,"23":0,"24":0,"25":0,"26":0},"b":{"0":[1,1],"1":[1,1],"2":[1,0],"3":[1,2],"4":[1,1],"5":[2,2],"6":[1,0],"7":[0,0],"8":[0,0]},"_coverageSchema":"1a1c01bbd47fc00a2c39e90264f33305004495a9","hash":"e2ffc7c9e89fd8c0f90ef246acd06e8248f5a19f"}
,"/home/atikur/Documents/RestAPI-with-role-based-authentication-and-content-negotiation/controller/AuthController.js": {"path":"/home/atikur/Documents/RestAPI-with-role-based-authentication-and-content-negotiation/controller/AuthController.js","statementMap":{"0":{"start":{"line":1,"column":23},"end":{"line":122,"column":1}},"1":{"start":{"line":4,"column":8},"end":{"line":50,"column":9}},"2":{"start":{"line":7,"column":12},"end":{"line":9,"column":13}},"3":{"start":{"line":8,"column":16},"end":{"line":8,"column":71}},"4":{"start":{"line":11,"column":40},"end":{"line":11,"column":48}},"5":{"start":{"line":15,"column":27},"end":{"line":15,"column":56}},"6":{"start":{"line":18,"column":12},"end":{"line":45,"column":13}},"7":{"start":{"line":20,"column":16},"end":{"line":20,"column":50}},"8":{"start":{"line":21,"column":30},"end":{"line":31,"column":17}},"9":{"start":{"line":35,"column":16},"end":{"line":35,"column":37}},"10":{"start":{"line":38,"column":16},"end":{"line":38,"column":72}},"11":{"start":{"line":41,"column":16},"end":{"line":41,"column":52}},"12":{"start":{"line":44,"column":16},"end":{"line":44,"column":67}},"13":{"start":{"line":48,"column":12},"end":{"line":48,"column":31}},"14":{"start":{"line":49,"column":12},"end":{"line":49,"column":65}},"15":{"start":{"line":56,"column":8},"end":{"line":116,"column":9}},"16":{"start":{"line":59,"column":12},"end":{"line":61,"column":13}},"17":{"start":{"line":60,"column":16},"end":{"line":60,"column":71}},"18":{"start":{"line":63,"column":25},"end":{"line":63,"column":98}},"19":{"start":{"line":65,"column":12},"end":{"line":65,"column":54}},"20":{"start":{"line":67,"column":12},"end":{"line":67,"column":67}},"21":{"start":{"line":72,"column":28},"end":{"line":72,"column":64}},"22":{"start":{"line":74,"column":12},"end":{"line":76,"column":13}},"23":{"start":{"line":75,"column":16},"end":{"line":75,"column":80}},"24":{"start":{"line":81,"column":12},"end":{"line":81,"column":71}},"25":{"start":{"line":83,"column":12},"end":{"line":83,"column":46}},"26":{"start":{"line":87,"column":25},"end":{"line":87,"column":52}},"27":{"start":{"line":92,"column":26},"end":{"line":102,"column":13}},"28":{"start":{"line":107,"column":12},"end":{"line":107,"column":33}},"29":{"start":{"line":110,"column":12},"end":{"line":110,"column":68}},"30":{"start":{"line":111,"column":12},"end":{"line":111,"column":48}},"31":{"start":{"line":115,"column":12},"end":{"line":115,"column":65}},"32":{"start":{"line":121,"column":4},"end":{"line":121,"column":29}},"33":{"start":{"line":125,"column":0},"end":{"line":125,"column":32}}},"fnMap":{"0":{"name":"(anonymous_0)","decl":{"start":{"line":1,"column":23},"end":{"line":1,"column":24}},"loc":{"start":{"line":1,"column":48},"end":{"line":122,"column":1}},"line":1},"1":{"name":"signin","decl":{"start":{"line":3,"column":19},"end":{"line":3,"column":25}},"loc":{"start":{"line":3,"column":35},"end":{"line":52,"column":5}},"line":3},"2":{"name":"signup","decl":{"start":{"line":54,"column":19},"end":{"line":54,"column":25}},"loc":{"start":{"line":54,"column":35},"end":{"line":118,"column":5}},"line":54}},"branchMap":{"0":{"loc":{"start":{"line":7,"column":12},"end":{"line":9,"column":13}},"type":"if","locations":[{"start":{"line":7,"column":12},"end":{"line":9,"column":13}},{"start":{"line":7,"column":12},"end":{"line":9,"column":13}}],"line":7},"1":{"loc":{"start":{"line":7,"column":16},"end":{"line":7,"column":75}},"type":"binary-expr","locations":[{"start":{"line":7,"column":16},"end":{"line":7,"column":42}},{"start":{"line":7,"column":46},"end":{"line":7,"column":75}}],"line":7},"2":{"loc":{"start":{"line":18,"column":12},"end":{"line":45,"column":13}},"type":"if","locations":[{"start":{"line":18,"column":12},"end":{"line":45,"column":13}},{"start":{"line":18,"column":12},"end":{"line":45,"column":13}}],"line":18},"3":{"loc":{"start":{"line":18,"column":16},"end":{"line":18,"column":75}},"type":"binary-expr","locations":[{"start":{"line":18,"column":16},"end":{"line":18,"column":22}},{"start":{"line":18,"column":27},"end":{"line":18,"column":74}}],"line":18},"4":{"loc":{"start":{"line":59,"column":12},"end":{"line":61,"column":13}},"type":"if","locations":[{"start":{"line":59,"column":12},"end":{"line":61,"column":13}},{"start":{"line":59,"column":12},"end":{"line":61,"column":13}}],"line":59},"5":{"loc":{"start":{"line":59,"column":16},"end":{"line":59,"column":104}},"type":"binary-expr","locations":[{"start":{"line":59,"column":16},"end":{"line":59,"column":42}},{"start":{"line":59,"column":46},"end":{"line":59,"column":75}},{"start":{"line":59,"column":79},"end":{"line":59,"column":104}}],"line":59},"6":{"loc":{"start":{"line":74,"column":12},"end":{"line":76,"column":13}},"type":"if","locations":[{"start":{"line":74,"column":12},"end":{"line":76,"column":13}},{"start":{"line":74,"column":12},"end":{"line":76,"column":13}}],"line":74}},"s":{"0":1,"1":3,"2":3,"3":1,"4":2,"5":2,"6":2,"7":1,"8":1,"9":1,"10":1,"11":1,"12":1,"13":0,"14":0,"15":3,"16":3,"17":1,"18":2,"19":2,"20":2,"21":2,"22":2,"23":1,"24":1,"25":1,"26":1,"27":1,"28":1,"29":1,"30":1,"31":0,"32":1,"33":1},"f":{"0":1,"1":3,"2":3},"b":{"0":[1,2],"1":[3,3],"2":[1,1],"3":[2,2],"4":[1,2],"5":[3,3,2],"6":[1,1]},"_coverageSchema":"1a1c01bbd47fc00a2c39e90264f33305004495a9","hash":"d1106f9dfea68175fd7aa958cddba05fb96a925f"}
,"/home/atikur/Documents/RestAPI-with-role-based-authentication-and-content-negotiation/middleware/Auth.js": {"path":"/home/atikur/Documents/RestAPI-with-role-based-authentication-and-content-negotiation/middleware/Auth.js","statementMap":{"0":{"start":{"line":1,"column":13},"end":{"line":37,"column":1}},"1":{"start":{"line":5,"column":22},"end":{"line":5,"column":89}},"2":{"start":{"line":7,"column":8},"end":{"line":7,"column":113}},"3":{"start":{"line":9,"column":8},"end":{"line":9,"column":27}},"4":{"start":{"line":11,"column":8},"end":{"line":12,"column":82}},"5":{"start":{"line":12,"column":12},"end":{"line":12,"column":82}},"6":{"start":{"line":23,"column":8},"end":{"line":32,"column":9}},"7":{"start":{"line":24,"column":12},"end":{"line":24,"column":45}},"8":{"start":{"line":25,"column":28},"end":{"line":25,"column":78}},"9":{"start":{"line":26,"column":12},"end":{"line":26,"column":44}},"10":{"start":{"line":27,"column":12},"end":{"line":27,"column":31}},"11":{"start":{"line":30,"column":12},"end":{"line":30,"column":31}},"12":{"start":{"line":31,"column":12},"end":{"line":31,"column":57}},"13":{"start":{"line":34,"column":8},"end":{"line":34,"column":22}},"14":{"start":{"line":36,"column":4},"end":{"line":36,"column":23}},"15":{"start":{"line":39,"column":0},"end":{"line":39,"column":22}}},"fnMap":{"0":{"name":"(anonymous_0)","decl":{"start":{"line":1,"column":13},"end":{"line":1,"column":14}},"loc":{"start":{"line":1,"column":21},"end":{"line":37,"column":1}},"line":1},"1":{"name":"verifyToken","decl":{"start":{"line":3,"column":19},"end":{"line":3,"column":30}},"loc":{"start":{"line":3,"column":46},"end":{"line":35,"column":5}},"line":3}},"branchMap":{"0":{"loc":{"start":{"line":5,"column":22},"end":{"line":5,"column":89}},"type":"binary-expr","locations":[{"start":{"line":5,"column":22},"end":{"line":5,"column":36}},{"start":{"line":5,"column":40},"end":{"line":5,"column":56}},{"start":{"line":5,"column":60},"end":{"line":5,"column":89}}],"line":5},"1":{"loc":{"start":{"line":11,"column":8},"end":{"line":12,"column":82}},"type":"if","locations":[{"start":{"line":11,"column":8},"end":{"line":12,"column":82}},{"start":{"line":11,"column":8},"end":{"line":12,"column":82}}],"line":11}},"s":{"0":1,"1":7,"2":7,"3":7,"4":7,"5":2,"6":5,"7":5,"8":5,"9":5,"10":5,"11":0,"12":0,"13":5,"14":1,"15":1},"f":{"0":1,"1":7},"b":{"0":[7,7,7],"1":[2,5]},"_coverageSchema":"1a1c01bbd47fc00a2c39e90264f33305004495a9","hash":"d386b250584dbeb3831e865e18a7fe1e1d3c86cf"}
,"/home/atikur/Documents/RestAPI-with-role-based-authentication-and-content-negotiation/model/Article.js": {"path":"/home/atikur/Documents/RestAPI-with-role-based-authentication-and-content-negotiation/model/Article.js","statementMap":{"0":{"start":{"line":1,"column":12},"end":{"line":1,"column":27}},"1":{"start":{"line":4,"column":16},"end":{"line":9,"column":1}},"2":{"start":{"line":5,"column":2},"end":{"line":5,"column":25}},"3":{"start":{"line":6,"column":2},"end":{"line":6,"column":29}},"4":{"start":{"line":7,"column":2},"end":{"line":7,"column":41}},"5":{"start":{"line":8,"column":2},"end":{"line":8,"column":31}},"6":{"start":{"line":11,"column":17},"end":{"line":20,"column":2}},"7":{"start":{"line":23,"column":0},"end":{"line":39,"column":2}},"8":{"start":{"line":24,"column":2},"end":{"line":38,"column":5}},"9":{"start":{"line":26,"column":4},"end":{"line":37,"column":7}},"10":{"start":{"line":27,"column":6},"end":{"line":31,"column":7}},"11":{"start":{"line":29,"column":8},"end":{"line":29,"column":63}},"12":{"start":{"line":30,"column":8},"end":{"line":30,"column":27}},"13":{"start":{"line":34,"column":6},"end":{"line":34,"column":63}},"14":{"start":{"line":35,"column":6},"end":{"line":35,"column":37}},"15":{"start":{"line":41,"column":0},"end":{"line":59,"column":2}},"16":{"start":{"line":42,"column":2},"end":{"line":58,"column":5}},"17":{"start":{"line":44,"column":6},"end":{"line":44,"column":45}},"18":{"start":{"line":46,"column":4},"end":{"line":57,"column":7}},"19":{"start":{"line":47,"column":6},"end":{"line":51,"column":7}},"20":{"start":{"line":49,"column":8},"end":{"line":49,"column":57}},"21":{"start":{"line":50,"column":8},"end":{"line":50,"column":27}},"22":{"start":{"line":54,"column":6},"end":{"line":54,"column":51}},"23":{"start":{"line":55,"column":6},"end":{"line":55,"column":29}},"24":{"start":{"line":62,"column":0},"end":{"line":81,"column":2}},"25":{"start":{"line":63,"column":2},"end":{"line":80,"column":5}},"26":{"start":{"line":65,"column":4},"end":{"line":65,"column":65}},"27":{"start":{"line":67,"column":4},"end":{"line":79,"column":7}},"28":{"start":{"line":69,"column":6},"end":{"line":73,"column":7}},"29":{"start":{"line":71,"column":8},"end":{"line":71,"column":63}},"30":{"start":{"line":72,"column":8},"end":{"line":72,"column":27}},"31":{"start":{"line":76,"column":6},"end":{"line":76,"column":53}},"32":{"start":{"line":77,"column":6},"end":{"line":77,"column":30}},"33":{"start":{"line":84,"column":0},"end":{"line":102,"column":2}},"34":{"start":{"line":85,"column":2},"end":{"line":101,"column":5}},"35":{"start":{"line":87,"column":6},"end":{"line":87,"column":45}},"36":{"start":{"line":89,"column":4},"end":{"line":100,"column":7}},"37":{"start":{"line":90,"column":6},"end":{"line":94,"column":7}},"38":{"start":{"line":92,"column":8},"end":{"line":92,"column":58}},"39":{"start":{"line":93,"column":8},"end":{"line":93,"column":27}},"40":{"start":{"line":97,"column":6},"end":{"line":97,"column":53}},"41":{"start":{"line":98,"column":6},"end":{"line":98,"column":32}},"42":{"start":{"line":104,"column":0},"end":{"line":121,"column":2}},"43":{"start":{"line":105,"column":2},"end":{"line":120,"column":5}},"44":{"start":{"line":107,"column":4},"end":{"line":119,"column":7}},"45":{"start":{"line":108,"column":6},"end":{"line":112,"column":7}},"46":{"start":{"line":110,"column":8},"end":{"line":110,"column":56}},"47":{"start":{"line":111,"column":8},"end":{"line":111,"column":27}},"48":{"start":{"line":114,"column":6},"end":{"line":114,"column":47}},"49":{"start":{"line":118,"column":6},"end":{"line":118,"column":26}},"50":{"start":{"line":123,"column":0},"end":{"line":139,"column":2}},"51":{"start":{"line":124,"column":2},"end":{"line":138,"column":5}},"52":{"start":{"line":126,"column":4},"end":{"line":126,"column":62}},"53":{"start":{"line":128,"column":4},"end":{"line":137,"column":7}},"54":{"start":{"line":129,"column":6},"end":{"line":133,"column":7}},"55":{"start":{"line":131,"column":8},"end":{"line":131,"column":55}},"56":{"start":{"line":132,"column":8},"end":{"line":132,"column":27}},"57":{"start":{"line":135,"column":6},"end":{"line":135,"column":50}},"58":{"start":{"line":136,"column":6},"end":{"line":136,"column":26}},"59":{"start":{"line":141,"column":0},"end":{"line":141,"column":25}}},"fnMap":{"0":{"name":"(anonymous_0)","decl":{"start":{"line":4,"column":16},"end":{"line":4,"column":17}},"loc":{"start":{"line":4,"column":33},"end":{"line":9,"column":1}},"line":4},"1":{"name":"(anonymous_1)","decl":{"start":{"line":23,"column":17},"end":{"line":23,"column":18}},"loc":{"start":{"line":23,"column":30},"end":{"line":39,"column":1}},"line":23},"2":{"name":"(anonymous_2)","decl":{"start":{"line":24,"column":22},"end":{"line":24,"column":23}},"loc":{"start":{"line":24,"column":43},"end":{"line":38,"column":3}},"line":24},"3":{"name":"(anonymous_3)","decl":{"start":{"line":26,"column":53},"end":{"line":26,"column":54}},"loc":{"start":{"line":26,"column":66},"end":{"line":37,"column":5}},"line":26},"4":{"name":"(anonymous_4)","decl":{"start":{"line":41,"column":19},"end":{"line":41,"column":20}},"loc":{"start":{"line":41,"column":27},"end":{"line":59,"column":1}},"line":41},"5":{"name":"(anonymous_5)","decl":{"start":{"line":42,"column":22},"end":{"line":42,"column":23}},"loc":{"start":{"line":42,"column":43},"end":{"line":58,"column":3}},"line":42},"6":{"name":"(anonymous_6)","decl":{"start":{"line":46,"column":60},"end":{"line":46,"column":61}},"loc":{"start":{"line":46,"column":73},"end":{"line":57,"column":5}},"line":46},"7":{"name":"(anonymous_7)","decl":{"start":{"line":62,"column":21},"end":{"line":62,"column":22}},"loc":{"start":{"line":62,"column":38},"end":{"line":81,"column":1}},"line":62},"8":{"name":"(anonymous_8)","decl":{"start":{"line":63,"column":22},"end":{"line":63,"column":23}},"loc":{"start":{"line":63,"column":43},"end":{"line":80,"column":3}},"line":63},"9":{"name":"(anonymous_9)","decl":{"start":{"line":68,"column":63},"end":{"line":68,"column":64}},"loc":{"start":{"line":68,"column":76},"end":{"line":79,"column":5}},"line":68},"10":{"name":"(anonymous_10)","decl":{"start":{"line":84,"column":28},"end":{"line":84,"column":29}},"loc":{"start":{"line":84,"column":36},"end":{"line":102,"column":1}},"line":84},"11":{"name":"(anonymous_11)","decl":{"start":{"line":85,"column":22},"end":{"line":85,"column":23}},"loc":{"start":{"line":85,"column":43},"end":{"line":101,"column":3}},"line":85},"12":{"name":"(anonymous_12)","decl":{"start":{"line":89,"column":58},"end":{"line":89,"column":59}},"loc":{"start":{"line":89,"column":71},"end":{"line":100,"column":5}},"line":89},"13":{"name":"(anonymous_13)","decl":{"start":{"line":104,"column":19},"end":{"line":104,"column":20}},"loc":{"start":{"line":104,"column":25},"end":{"line":121,"column":1}},"line":104},"14":{"name":"(anonymous_14)","decl":{"start":{"line":105,"column":21},"end":{"line":105,"column":22}},"loc":{"start":{"line":105,"column":42},"end":{"line":120,"column":3}},"line":105},"15":{"name":"(anonymous_15)","decl":{"start":{"line":107,"column":40},"end":{"line":107,"column":41}},"loc":{"start":{"line":107,"column":53},"end":{"line":119,"column":5}},"line":107},"16":{"name":"(anonymous_16)","decl":{"start":{"line":123,"column":21},"end":{"line":123,"column":22}},"loc":{"start":{"line":123,"column":33},"end":{"line":139,"column":1}},"line":123},"17":{"name":"(anonymous_17)","decl":{"start":{"line":124,"column":21},"end":{"line":124,"column":22}},"loc":{"start":{"line":124,"column":42},"end":{"line":138,"column":3}},"line":124},"18":{"name":"(anonymous_18)","decl":{"start":{"line":128,"column":63},"end":{"line":128,"column":64}},"loc":{"start":{"line":128,"column":76},"end":{"line":137,"column":5}},"line":128}},"branchMap":{"0":{"loc":{"start":{"line":27,"column":6},"end":{"line":31,"column":7}},"type":"if","locations":[{"start":{"line":27,"column":6},"end":{"line":31,"column":7}},{"start":{"line":27,"column":6},"end":{"line":31,"column":7}}],"line":27},"1":{"loc":{"start":{"line":47,"column":6},"end":{"line":51,"column":7}},"type":"if","locations":[{"start":{"line":47,"column":6},"end":{"line":51,"column":7}},{"start":{"line":47,"column":6},"end":{"line":51,"column":7}}],"line":47},"2":{"loc":{"start":{"line":69,"column":6},"end":{"line":73,"column":7}},"type":"if","locations":[{"start":{"line":69,"column":6},"end":{"line":73,"column":7}},{"start":{"line":69,"column":6},"end":{"line":73,"column":7}}],"line":69},"3":{"loc":{"start":{"line":90,"column":6},"end":{"line":94,"column":7}},"type":"if","locations":[{"start":{"line":90,"column":6},"end":{"line":94,"column":7}},{"start":{"line":90,"column":6},"end":{"line":94,"column":7}}],"line":90},"4":{"loc":{"start":{"line":108,"column":6},"end":{"line":112,"column":7}},"type":"if","locations":[{"start":{"line":108,"column":6},"end":{"line":112,"column":7}},{"start":{"line":108,"column":6},"end":{"line":112,"column":7}}],"line":108},"5":{"loc":{"start":{"line":129,"column":6},"end":{"line":133,"column":7}},"type":"if","locations":[{"start":{"line":129,"column":6},"end":{"line":133,"column":7}},{"start":{"line":129,"column":6},"end":{"line":133,"column":7}}],"line":129}},"s":{"0":2,"1":2,"2":0,"3":0,"4":0,"5":0,"6":2,"7":2,"8":1,"9":1,"10":1,"11":0,"12":0,"13":1,"14":1,"15":2,"16":4,"17":4,"18":4,"19":4,"20":0,"21":0,"22":4,"23":4,"24":2,"25":1,"26":1,"27":1,"28":1,"29":0,"30":0,"31":1,"32":1,"33":2,"34":0,"35":0,"36":0,"37":0,"38":0,"39":0,"40":0,"41":0,"42":2,"43":1,"44":1,"45":1,"46":0,"47":0,"48":1,"49":1,"50":2,"51":0,"52":0,"53":0,"54":0,"55":0,"56":0,"57":0,"58":0,"59":2},"f":{"0":0,"1":1,"2":1,"3":1,"4":4,"5":4,"6":4,"7":1,"8":1,"9":1,"10":0,"11":0,"12":0,"13":1,"14":1,"15":1,"16":0,"17":0,"18":0},"b":{"0":[0,1],"1":[0,4],"2":[0,1],"3":[0,0],"4":[0,1],"5":[0,0]},"_coverageSchema":"1a1c01bbd47fc00a2c39e90264f33305004495a9","hash":"f8aeb93e8b718e089723e2f0d165df63a82ed8e8"}
,"/home/atikur/Documents/RestAPI-with-role-based-authentication-and-content-negotiation/model/Author.js": {"path":"/home/atikur/Documents/RestAPI-with-role-based-authentication-and-content-negotiation/model/Author.js","statementMap":{"0":{"start":{"line":1,"column":12},"end":{"line":1,"column":27}},"1":{"start":{"line":4,"column":15},"end":{"line":8,"column":1}},"2":{"start":{"line":5,"column":4},"end":{"line":5,"column":30}},"3":{"start":{"line":6,"column":4},"end":{"line":6,"column":28}},"4":{"start":{"line":7,"column":4},"end":{"line":7,"column":36}},"5":{"start":{"line":11,"column":0},"end":{"line":29,"column":1}},"6":{"start":{"line":12,"column":4},"end":{"line":28,"column":7}},"7":{"start":{"line":14,"column":8},"end":{"line":14,"column":53}},"8":{"start":{"line":16,"column":8},"end":{"line":27,"column":11}},"9":{"start":{"line":17,"column":12},"end":{"line":21,"column":13}},"10":{"start":{"line":19,"column":16},"end":{"line":19,"column":68}},"11":{"start":{"line":20,"column":16},"end":{"line":20,"column":35}},"12":{"start":{"line":24,"column":12},"end":{"line":24,"column":58}},"13":{"start":{"line":25,"column":12},"end":{"line":25,"column":35}},"14":{"start":{"line":31,"column":0},"end":{"line":48,"column":2}},"15":{"start":{"line":32,"column":4},"end":{"line":46,"column":9}},"16":{"start":{"line":34,"column":8},"end":{"line":45,"column":11}},"17":{"start":{"line":35,"column":10},"end":{"line":39,"column":11}},"18":{"start":{"line":37,"column":12},"end":{"line":37,"column":66}},"19":{"start":{"line":38,"column":12},"end":{"line":38,"column":31}},"20":{"start":{"line":42,"column":10},"end":{"line":42,"column":75}},"21":{"start":{"line":43,"column":10},"end":{"line":43,"column":58}},"22":{"start":{"line":50,"column":0},"end":{"line":50,"column":24}}},"fnMap":{"0":{"name":"(anonymous_0)","decl":{"start":{"line":4,"column":15},"end":{"line":4,"column":16}},"loc":{"start":{"line":4,"column":31},"end":{"line":8,"column":1}},"line":4},"1":{"name":"(anonymous_1)","decl":{"start":{"line":11,"column":19},"end":{"line":11,"column":20}},"loc":{"start":{"line":11,"column":28},"end":{"line":29,"column":1}},"line":11},"2":{"name":"(anonymous_2)","decl":{"start":{"line":12,"column":24},"end":{"line":12,"column":25}},"loc":{"start":{"line":12,"column":45},"end":{"line":28,"column":5}},"line":12},"3":{"name":"(anonymous_3)","decl":{"start":{"line":16,"column":64},"end":{"line":16,"column":65}},"loc":{"start":{"line":16,"column":77},"end":{"line":27,"column":9}},"line":16},"4":{"name":"(anonymous_4)","decl":{"start":{"line":31,"column":16},"end":{"line":31,"column":17}},"loc":{"start":{"line":31,"column":28},"end":{"line":48,"column":1}},"line":31},"5":{"name":"(anonymous_5)","decl":{"start":{"line":32,"column":24},"end":{"line":32,"column":25}},"loc":{"start":{"line":32,"column":45},"end":{"line":46,"column":7}},"line":32},"6":{"name":"(anonymous_6)","decl":{"start":{"line":34,"column":55},"end":{"line":34,"column":56}},"loc":{"start":{"line":34,"column":68},"end":{"line":45,"column":9}},"line":34}},"branchMap":{"0":{"loc":{"start":{"line":17,"column":12},"end":{"line":21,"column":13}},"type":"if","locations":[{"start":{"line":17,"column":12},"end":{"line":21,"column":13}},{"start":{"line":17,"column":12},"end":{"line":21,"column":13}}],"line":17},"1":{"loc":{"start":{"line":35,"column":10},"end":{"line":39,"column":11}},"type":"if","locations":[{"start":{"line":35,"column":10},"end":{"line":39,"column":11}},{"start":{"line":35,"column":10},"end":{"line":39,"column":11}}],"line":35}},"s":{"0":1,"1":1,"2":0,"3":0,"4":0,"5":1,"6":4,"7":4,"8":4,"9":4,"10":0,"11":0,"12":4,"13":4,"14":1,"15":1,"16":1,"17":1,"18":0,"19":0,"20":1,"21":1,"22":1},"f":{"0":0,"1":4,"2":4,"3":4,"4":1,"5":1,"6":1},"b":{"0":[0,4],"1":[0,1]},"_coverageSchema":"1a1c01bbd47fc00a2c39e90264f33305004495a9","hash":"6246f27b8d7093c13bf864af9c57883d443cd56c"}
,"/home/atikur/Documents/RestAPI-with-role-based-authentication-and-content-negotiation/model/DB.js": {"path":"/home/atikur/Documents/RestAPI-with-role-based-authentication-and-content-negotiation/model/DB.js","statementMap":{"0":{"start":{"line":1,"column":14},"end":{"line":1,"column":30}},"1":{"start":{"line":3,"column":17},"end":{"line":3,"column":49}},"2":{"start":{"line":5,"column":17},"end":{"line":11,"column":2}},"3":{"start":{"line":27,"column":0},"end":{"line":27,"column":28}}},"fnMap":{},"branchMap":{},"s":{"0":2,"1":2,"2":2,"3":2},"f":{},"b":{},"_coverageSchema":"1a1c01bbd47fc00a2c39e90264f33305004495a9","hash":"10e558e8162d4d21dd0268f88c1cb7195d9dc7d7"}
,"/home/atikur/Documents/RestAPI-with-role-based-authentication-and-content-negotiation/routes/Routes.js": {"path":"/home/atikur/Documents/RestAPI-with-role-based-authentication-and-content-negotiation/routes/Routes.js","statementMap":{"0":{"start":{"line":1,"column":16},"end":{"line":1,"column":43}},"1":{"start":{"line":2,"column":15},"end":{"line":2,"column":41}},"2":{"start":{"line":3,"column":15},"end":{"line":3,"column":42}},"3":{"start":{"line":4,"column":12},"end":{"line":4,"column":35}},"4":{"start":{"line":5,"column":15},"end":{"line":5,"column":34}},"5":{"start":{"line":7,"column":26},"end":{"line":7,"column":77}},"6":{"start":{"line":8,"column":23},"end":{"line":8,"column":83}},"7":{"start":{"line":9,"column":13},"end":{"line":9,"column":47}},"8":{"start":{"line":12,"column":0},"end":{"line":15,"column":3}},"9":{"start":{"line":13,"column":4},"end":{"line":13,"column":36}},"10":{"start":{"line":14,"column":4},"end":{"line":14,"column":14}},"11":{"start":{"line":17,"column":0},"end":{"line":25,"column":52}},"12":{"start":{"line":20,"column":8},"end":{"line":20,"column":50}},"13":{"start":{"line":21,"column":8},"end":{"line":21,"column":15}},"14":{"start":{"line":27,"column":0},"end":{"line":35,"column":55}},"15":{"start":{"line":30,"column":8},"end":{"line":30,"column":50}},"16":{"start":{"line":31,"column":8},"end":{"line":31,"column":15}},"17":{"start":{"line":38,"column":0},"end":{"line":44,"column":32}},"18":{"start":{"line":42,"column":8},"end":{"line":42,"column":15}},"19":{"start":{"line":46,"column":0},"end":{"line":52,"column":33}},"20":{"start":{"line":50,"column":8},"end":{"line":50,"column":15}},"21":{"start":{"line":55,"column":0},"end":{"line":64,"column":3}},"22":{"start":{"line":56,"column":4},"end":{"line":63,"column":7}},"23":{"start":{"line":66,"column":0},"end":{"line":66,"column":24}}},"fnMap":{"0":{"name":"(anonymous_0)","decl":{"start":{"line":12,"column":17},"end":{"line":12,"column":18}},"loc":{"start":{"line":12,"column":30},"end":{"line":15,"column":1}},"line":12},"1":{"name":"(anonymous_1)","decl":{"start":{"line":19,"column":9},"end":{"line":19,"column":10}},"loc":{"start":{"line":19,"column":29},"end":{"line":22,"column":5}},"line":19},"2":{"name":"(anonymous_2)","decl":{"start":{"line":29,"column":9},"end":{"line":29,"column":10}},"loc":{"start":{"line":29,"column":29},"end":{"line":32,"column":5}},"line":29},"3":{"name":"(anonymous_3)","decl":{"start":{"line":40,"column":9},"end":{"line":40,"column":10}},"loc":{"start":{"line":40,"column":27},"end":{"line":43,"column":5}},"line":40},"4":{"name":"(anonymous_4)","decl":{"start":{"line":48,"column":9},"end":{"line":48,"column":10}},"loc":{"start":{"line":48,"column":29},"end":{"line":51,"column":5}},"line":48},"5":{"name":"(anonymous_5)","decl":{"start":{"line":55,"column":16},"end":{"line":55,"column":17}},"loc":{"start":{"line":55,"column":30},"end":{"line":64,"column":1}},"line":55}},"branchMap":{},"s":{"0":1,"1":1,"2":1,"3":1,"4":1,"5":1,"6":1,"7":1,"8":1,"9":2,"10":2,"11":1,"12":7,"13":7,"14":1,"15":4,"16":4,"17":1,"18":3,"19":1,"20":3,"21":1,"22":2,"23":1},"f":{"0":2,"1":7,"2":4,"3":3,"4":3,"5":2},"b":{},"_coverageSchema":"1a1c01bbd47fc00a2c39e90264f33305004495a9","hash":"bb513d44a243dab142340df60264e2c8d1c94974"}
,"/home/atikur/Documents/RestAPI-with-role-based-authentication-and-content-negotiation/utils/converter.js": {"path":"/home/atikur/Documents/RestAPI-with-role-based-authentication-and-content-negotiation/utils/converter.js","statementMap":{"0":{"start":{"line":1,"column":15},"end":{"line":117,"column":1}},"1":{"start":{"line":4,"column":22},"end":{"line":4,"column":24}},"2":{"start":{"line":5,"column":8},"end":{"line":5,"column":27}},"3":{"start":{"line":6,"column":8},"end":{"line":6,"column":23}},"4":{"start":{"line":14,"column":8},"end":{"line":17,"column":9}},"5":{"start":{"line":16,"column":11},"end":{"line":16,"column":32}},"6":{"start":{"line":19,"column":8},"end":{"line":37,"column":32}},"7":{"start":{"line":23,"column":32},"end":{"line":23,"column":62}},"8":{"start":{"line":30,"column":24},"end":{"line":34,"column":41}},"9":{"start":{"line":43,"column":8},"end":{"line":46,"column":9}},"10":{"start":{"line":45,"column":11},"end":{"line":45,"column":32}},"11":{"start":{"line":48,"column":8},"end":{"line":60,"column":31}},"12":{"start":{"line":50,"column":35},"end":{"line":50,"column":55}},"13":{"start":{"line":52,"column":24},"end":{"line":57,"column":42}},"14":{"start":{"line":54,"column":40},"end":{"line":54,"column":86}},"15":{"start":{"line":67,"column":8},"end":{"line":70,"column":9}},"16":{"start":{"line":69,"column":11},"end":{"line":69,"column":32}},"17":{"start":{"line":72,"column":19},"end":{"line":72,"column":39}},"18":{"start":{"line":74,"column":8},"end":{"line":83,"column":25}},"19":{"start":{"line":78,"column":32},"end":{"line":82,"column":55}},"20":{"start":{"line":79,"column":37},"end":{"line":81,"column":104}},"21":{"start":{"line":81,"column":76},"end":{"line":81,"column":103}},"22":{"start":{"line":91,"column":8},"end":{"line":94,"column":9}},"23":{"start":{"line":93,"column":11},"end":{"line":93,"column":32}},"24":{"start":{"line":96,"column":19},"end":{"line":96,"column":39}},"25":{"start":{"line":98,"column":8},"end":{"line":106,"column":25}},"26":{"start":{"line":101,"column":23},"end":{"line":105,"column":54}},"27":{"start":{"line":102,"column":37},"end":{"line":104,"column":104}},"28":{"start":{"line":104,"column":76},"end":{"line":104,"column":103}},"29":{"start":{"line":113,"column":8},"end":{"line":113,"column":36}},"30":{"start":{"line":116,"column":4},"end":{"line":116,"column":40}},"31":{"start":{"line":119,"column":0},"end":{"line":119,"column":24}}},"fnMap":{"0":{"name":"(anonymous_0)","decl":{"start":{"line":1,"column":15},"end":{"line":1,"column":16}},"loc":{"start":{"line":1,"column":25},"end":{"line":117,"column":1}},"line":1},"1":{"name":"toArray","decl":{"start":{"line":3,"column":13},"end":{"line":3,"column":20}},"loc":{"start":{"line":3,"column":26},"end":{"line":7,"column":5}},"line":3},"2":{"name":"html","decl":{"start":{"line":9,"column":13},"end":{"line":9,"column":17}},"loc":{"start":{"line":9,"column":20},"end":{"line":39,"column":5}},"line":9},"3":{"name":"(anonymous_3)","decl":{"start":{"line":22,"column":57},"end":{"line":22,"column":58}},"loc":{"start":{"line":22,"column":66},"end":{"line":24,"column":29}},"line":22},"4":{"name":"(anonymous_4)","decl":{"start":{"line":29,"column":32},"end":{"line":29,"column":33}},"loc":{"start":{"line":29,"column":45},"end":{"line":36,"column":21}},"line":29},"5":{"name":"xml","decl":{"start":{"line":41,"column":13},"end":{"line":41,"column":16}},"loc":{"start":{"line":41,"column":18},"end":{"line":63,"column":5}},"line":41},"6":{"name":"(anonymous_6)","decl":{"start":{"line":49,"column":32},"end":{"line":49,"column":33}},"loc":{"start":{"line":49,"column":45},"end":{"line":59,"column":21}},"line":49},"7":{"name":"(anonymous_7)","decl":{"start":{"line":53,"column":45},"end":{"line":53,"column":46}},"loc":{"start":{"line":53,"column":52},"end":{"line":56,"column":37}},"line":53},"8":{"name":"text","decl":{"start":{"line":65,"column":13},"end":{"line":65,"column":17}},"loc":{"start":{"line":65,"column":20},"end":{"line":86,"column":5}},"line":65},"9":{"name":"(anonymous_9)","decl":{"start":{"line":78,"column":16},"end":{"line":78,"column":17}},"loc":{"start":{"line":78,"column":29},"end":{"line":82,"column":56}},"line":78},"10":{"name":"(anonymous_10)","decl":{"start":{"line":79,"column":24},"end":{"line":79,"column":25}},"loc":{"start":{"line":79,"column":37},"end":{"line":81,"column":104}},"line":79},"11":{"name":"(anonymous_11)","decl":{"start":{"line":81,"column":60},"end":{"line":81,"column":61}},"loc":{"start":{"line":81,"column":76},"end":{"line":81,"column":103}},"line":81},"12":{"name":"csv","decl":{"start":{"line":88,"column":13},"end":{"line":88,"column":16}},"loc":{"start":{"line":88,"column":19},"end":{"line":109,"column":5}},"line":88},"13":{"name":"(anonymous_13)","decl":{"start":{"line":101,"column":16},"end":{"line":101,"column":17}},"loc":{"start":{"line":101,"column":23},"end":{"line":105,"column":54}},"line":101},"14":{"name":"(anonymous_14)","decl":{"start":{"line":102,"column":24},"end":{"line":102,"column":25}},"loc":{"start":{"line":102,"column":37},"end":{"line":104,"column":104}},"line":102},"15":{"name":"(anonymous_15)","decl":{"start":{"line":104,"column":60},"end":{"line":104,"column":61}},"loc":{"start":{"line":104,"column":76},"end":{"line":104,"column":103}},"line":104},"16":{"name":"json","decl":{"start":{"line":111,"column":13},"end":{"line":111,"column":17}},"loc":{"start":{"line":111,"column":20},"end":{"line":114,"column":5}},"line":111}},"branchMap":{"0":{"loc":{"start":{"line":14,"column":8},"end":{"line":17,"column":9}},"type":"if","locations":[{"start":{"line":14,"column":8},"end":{"line":17,"column":9}},{"start":{"line":14,"column":8},"end":{"line":17,"column":9}}],"line":14},"1":{"loc":{"start":{"line":43,"column":8},"end":{"line":46,"column":9}},"type":"if","locations":[{"start":{"line":43,"column":8},"end":{"line":46,"column":9}},{"start":{"line":43,"column":8},"end":{"line":46,"column":9}}],"line":43},"2":{"loc":{"start":{"line":67,"column":8},"end":{"line":70,"column":9}},"type":"if","locations":[{"start":{"line":67,"column":8},"end":{"line":70,"column":9}},{"start":{"line":67,"column":8},"end":{"line":70,"column":9}}],"line":67},"3":{"loc":{"start":{"line":81,"column":76},"end":{"line":81,"column":103}},"type":"cond-expr","locations":[{"start":{"line":81,"column":93},"end":{"line":81,"column":95}},{"start":{"line":81,"column":98},"end":{"line":81,"column":103}}],"line":81},"4":{"loc":{"start":{"line":91,"column":8},"end":{"line":94,"column":9}},"type":"if","locations":[{"start":{"line":91,"column":8},"end":{"line":94,"column":9}},{"start":{"line":91,"column":8},"end":{"line":94,"column":9}}],"line":91},"5":{"loc":{"start":{"line":104,"column":76},"end":{"line":104,"column":103}},"type":"cond-expr","locations":[{"start":{"line":104,"column":93},"end":{"line":104,"column":95}},{"start":{"line":104,"column":98},"end":{"line":104,"column":103}}],"line":104}},"s":{"0":3,"1":3,"2":3,"3":3,"4":3,"5":3,"6":3,"7":11,"8":3,"9":1,"10":0,"11":1,"12":2,"13":2,"14":6,"15":0,"16":0,"17":0,"18":0,"19":0,"20":0,"21":0,"22":0,"23":0,"24":0,"25":0,"26":0,"27":0,"28":0,"29":2,"30":6,"31":3},"f":{"0":6,"1":3,"2":3,"3":11,"4":3,"5":1,"6":2,"7":6,"8":0,"9":0,"10":0,"11":0,"12":0,"13":0,"14":0,"15":0,"16":2},"b":{"0":[3,0],"1":[0,1],"2":[0,0],"3":[0,0],"4":[0,0],"5":[0,0]},"_coverageSchema":"1a1c01bbd47fc00a2c39e90264f33305004495a9","hash":"c29863b693ed14ba073270611a8829d19f30657d"}
}
