{"/home/atikur/Documents/RestAPI-with-role-based-authentication-and-content-negotiation/config/DBconfig.js": {"path":"/home/atikur/Documents/RestAPI-with-role-based-authentication-and-content-negotiation/config/DBconfig.js","statementMap":{"0":{"start":{"line":1,"column":0},"end":{"line":1,"column":27}},"1":{"start":{"line":3,"column":0},"end":{"line":8,"column":2}}},"fnMap":{},"branchMap":{"0":{"loc":{"start":{"line":7,"column":9},"end":{"line":7,"column":73}},"type":"cond-expr","locations":[{"start":{"line":7,"column":39},"end":{"line":7,"column":58}},{"start":{"line":7,"column":59},"end":{"line":7,"column":73}}],"line":7}},"s":{"0":1,"1":1},"f":{},"b":{"0":[1,0]},"_coverageSchema":"1a1c01bbd47fc00a2c39e90264f33305004495a9","hash":"ca9fad8fe578f4dd1044f9f656f1a90c3b748fe2"}
,"/home/atikur/Documents/RestAPI-with-role-based-authentication-and-content-negotiation/utils/converter.js": {"path":"/home/atikur/Documents/RestAPI-with-role-based-authentication-and-content-negotiation/utils/converter.js","statementMap":{"0":{"start":{"line":1,"column":15},"end":{"line":118,"column":1}},"1":{"start":{"line":4,"column":22},"end":{"line":4,"column":24}},"2":{"start":{"line":5,"column":8},"end":{"line":5,"column":27}},"3":{"start":{"line":6,"column":8},"end":{"line":6,"column":23}},"4":{"start":{"line":14,"column":8},"end":{"line":17,"column":9}},"5":{"start":{"line":16,"column":11},"end":{"line":16,"column":32}},"6":{"start":{"line":19,"column":8},"end":{"line":37,"column":32}},"7":{"start":{"line":23,"column":32},"end":{"line":23,"column":62}},"8":{"start":{"line":30,"column":24},"end":{"line":34,"column":41}},"9":{"start":{"line":43,"column":8},"end":{"line":46,"column":9}},"10":{"start":{"line":45,"column":11},"end":{"line":45,"column":32}},"11":{"start":{"line":48,"column":8},"end":{"line":60,"column":31}},"12":{"start":{"line":50,"column":35},"end":{"line":50,"column":55}},"13":{"start":{"line":52,"column":24},"end":{"line":57,"column":42}},"14":{"start":{"line":54,"column":40},"end":{"line":54,"column":86}},"15":{"start":{"line":62,"column":8},"end":{"line":62,"column":20}},"16":{"start":{"line":68,"column":8},"end":{"line":71,"column":9}},"17":{"start":{"line":70,"column":11},"end":{"line":70,"column":32}},"18":{"start":{"line":73,"column":19},"end":{"line":73,"column":39}},"19":{"start":{"line":75,"column":8},"end":{"line":84,"column":25}},"20":{"start":{"line":79,"column":32},"end":{"line":83,"column":55}},"21":{"start":{"line":80,"column":37},"end":{"line":82,"column":104}},"22":{"start":{"line":82,"column":76},"end":{"line":82,"column":103}},"23":{"start":{"line":92,"column":8},"end":{"line":95,"column":9}},"24":{"start":{"line":94,"column":11},"end":{"line":94,"column":32}},"25":{"start":{"line":97,"column":19},"end":{"line":97,"column":39}},"26":{"start":{"line":99,"column":8},"end":{"line":107,"column":25}},"27":{"start":{"line":102,"column":23},"end":{"line":106,"column":54}},"28":{"start":{"line":103,"column":37},"end":{"line":105,"column":104}},"29":{"start":{"line":105,"column":76},"end":{"line":105,"column":103}},"30":{"start":{"line":114,"column":8},"end":{"line":114,"column":36}},"31":{"start":{"line":117,"column":4},"end":{"line":117,"column":40}},"32":{"start":{"line":120,"column":0},"end":{"line":120,"column":24}}},"fnMap":{"0":{"name":"(anonymous_0)","decl":{"start":{"line":1,"column":15},"end":{"line":1,"column":16}},"loc":{"start":{"line":1,"column":25},"end":{"line":118,"column":1}},"line":1},"1":{"name":"toArray","decl":{"start":{"line":3,"column":13},"end":{"line":3,"column":20}},"loc":{"start":{"line":3,"column":26},"end":{"line":7,"column":5}},"line":3},"2":{"name":"html","decl":{"start":{"line":9,"column":13},"end":{"line":9,"column":17}},"loc":{"start":{"line":9,"column":20},"end":{"line":39,"column":5}},"line":9},"3":{"name":"(anonymous_3)","decl":{"start":{"line":22,"column":57},"end":{"line":22,"column":58}},"loc":{"start":{"line":22,"column":66},"end":{"line":24,"column":29}},"line":22},"4":{"name":"(anonymous_4)","decl":{"start":{"line":29,"column":32},"end":{"line":29,"column":33}},"loc":{"start":{"line":29,"column":45},"end":{"line":36,"column":21}},"line":29},"5":{"name":"xml","decl":{"start":{"line":41,"column":13},"end":{"line":41,"column":16}},"loc":{"start":{"line":41,"column":18},"end":{"line":64,"column":5}},"line":41},"6":{"name":"(anonymous_6)","decl":{"start":{"line":49,"column":32},"end":{"line":49,"column":33}},"loc":{"start":{"line":49,"column":45},"end":{"line":59,"column":21}},"line":49},"7":{"name":"(anonymous_7)","decl":{"start":{"line":53,"column":45},"end":{"line":53,"column":46}},"loc":{"start":{"line":53,"column":52},"end":{"line":56,"column":37}},"line":53},"8":{"name":"text","decl":{"start":{"line":66,"column":13},"end":{"line":66,"column":17}},"loc":{"start":{"line":66,"column":20},"end":{"line":87,"column":5}},"line":66},"9":{"name":"(anonymous_9)","decl":{"start":{"line":79,"column":16},"end":{"line":79,"column":17}},"loc":{"start":{"line":79,"column":29},"end":{"line":83,"column":56}},"line":79},"10":{"name":"(anonymous_10)","decl":{"start":{"line":80,"column":24},"end":{"line":80,"column":25}},"loc":{"start":{"line":80,"column":37},"end":{"line":82,"column":104}},"line":80},"11":{"name":"(anonymous_11)","decl":{"start":{"line":82,"column":60},"end":{"line":82,"column":61}},"loc":{"start":{"line":82,"column":76},"end":{"line":82,"column":103}},"line":82},"12":{"name":"csv","decl":{"start":{"line":89,"column":13},"end":{"line":89,"column":16}},"loc":{"start":{"line":89,"column":19},"end":{"line":110,"column":5}},"line":89},"13":{"name":"(anonymous_13)","decl":{"start":{"line":102,"column":16},"end":{"line":102,"column":17}},"loc":{"start":{"line":102,"column":23},"end":{"line":106,"column":54}},"line":102},"14":{"name":"(anonymous_14)","decl":{"start":{"line":103,"column":24},"end":{"line":103,"column":25}},"loc":{"start":{"line":103,"column":37},"end":{"line":105,"column":104}},"line":103},"15":{"name":"(anonymous_15)","decl":{"start":{"line":105,"column":60},"end":{"line":105,"column":61}},"loc":{"start":{"line":105,"column":76},"end":{"line":105,"column":103}},"line":105},"16":{"name":"json","decl":{"start":{"line":112,"column":13},"end":{"line":112,"column":17}},"loc":{"start":{"line":112,"column":20},"end":{"line":115,"column":5}},"line":112}},"branchMap":{"0":{"loc":{"start":{"line":14,"column":8},"end":{"line":17,"column":9}},"type":"if","locations":[{"start":{"line":14,"column":8},"end":{"line":17,"column":9}},{"start":{"line":14,"column":8},"end":{"line":17,"column":9}}],"line":14},"1":{"loc":{"start":{"line":43,"column":8},"end":{"line":46,"column":9}},"type":"if","locations":[{"start":{"line":43,"column":8},"end":{"line":46,"column":9}},{"start":{"line":43,"column":8},"end":{"line":46,"column":9}}],"line":43},"2":{"loc":{"start":{"line":68,"column":8},"end":{"line":71,"column":9}},"type":"if","locations":[{"start":{"line":68,"column":8},"end":{"line":71,"column":9}},{"start":{"line":68,"column":8},"end":{"line":71,"column":9}}],"line":68},"3":{"loc":{"start":{"line":82,"column":76},"end":{"line":82,"column":103}},"type":"cond-expr","locations":[{"start":{"line":82,"column":93},"end":{"line":82,"column":95}},{"start":{"line":82,"column":98},"end":{"line":82,"column":103}}],"line":82},"4":{"loc":{"start":{"line":92,"column":8},"end":{"line":95,"column":9}},"type":"if","locations":[{"start":{"line":92,"column":8},"end":{"line":95,"column":9}},{"start":{"line":92,"column":8},"end":{"line":95,"column":9}}],"line":92},"5":{"loc":{"start":{"line":105,"column":76},"end":{"line":105,"column":103}},"type":"cond-expr","locations":[{"start":{"line":105,"column":93},"end":{"line":105,"column":95}},{"start":{"line":105,"column":98},"end":{"line":105,"column":103}}],"line":105}},"s":{"0":1,"1":1,"2":1,"3":1,"4":2,"5":1,"6":2,"7":6,"8":3,"9":0,"10":0,"11":0,"12":0,"13":0,"14":0,"15":0,"16":0,"17":0,"18":0,"19":0,"20":0,"21":0,"22":0,"23":0,"24":0,"25":0,"26":0,"27":0,"28":0,"29":0,"30":2,"31":4,"32":1},"f":{"0":4,"1":1,"2":2,"3":6,"4":3,"5":0,"6":0,"7":0,"8":0,"9":0,"10":0,"11":0,"12":0,"13":0,"14":0,"15":0,"16":2},"b":{"0":[1,1],"1":[0,0],"2":[0,0],"3":[0,0],"4":[0,0],"5":[0,0]},"_coverageSchema":"1a1c01bbd47fc00a2c39e90264f33305004495a9","hash":"c71eca80d076c9b907882829661085e14e6fbd35"}
}
