TN:
SF:config/DBconfig.js
FNF:0
FNH:0
DA:1,1
DA:3,1
LF:2
LH:2
BRDA:7,0,0,1
BRDA:7,0,1,0
BRF:2
BRH:1
end_of_record
TN:
SF:utils/converter.js
FN:1,(anonymous_0)
FN:3,toArray
FN:9,html
FN:22,(anonymous_3)
FN:29,(anonymous_4)
FN:41,xml
FN:49,(anonymous_6)
FN:53,(anonymous_7)
FN:66,text
FN:79,(anonymous_9)
FN:80,(anonymous_10)
FN:82,(anonymous_11)
FN:89,csv
FN:102,(anonymous_13)
FN:103,(anonymous_14)
FN:105,(anonymous_15)
FN:112,json
FNF:17
FNH:6
FNDA:4,(anonymous_0)
FNDA:1,toArray
FNDA:2,html
FNDA:6,(anonymous_3)
FNDA:3,(anonymous_4)
FNDA:0,xml
FNDA:0,(anonymous_6)
FNDA:0,(anonymous_7)
FNDA:0,text
FNDA:0,(anonymous_9)
FNDA:0,(anonymous_10)
FNDA:0,(anonymous_11)
FNDA:0,csv
FNDA:0,(anonymous_13)
FNDA:0,(anonymous_14)
FNDA:0,(anonymous_15)
FNDA:2,json
DA:1,1
DA:4,1
DA:5,1
DA:6,1
DA:14,2
DA:16,1
DA:19,2
DA:23,6
DA:30,3
DA:43,0
DA:45,0
DA:48,0
DA:50,0
DA:52,0
DA:54,0
DA:62,0
DA:68,0
DA:70,0
DA:73,0
DA:75,0
DA:79,0
DA:80,0
DA:82,0
DA:92,0
DA:94,0
DA:97,0
DA:99,0
DA:102,0
DA:103,0
DA:105,0
DA:114,2
DA:117,4
DA:120,1
LF:33
LH:12
BRDA:14,0,0,1
BRDA:14,0,1,1
BRDA:43,1,0,0
BRDA:43,1,1,0
BRDA:68,2,0,0
BRDA:68,2,1,0
BRDA:82,3,0,0
BRDA:82,3,1,0
BRDA:92,4,0,0
BRDA:92,4,1,0
BRDA:105,5,0,0
BRDA:105,5,1,0
BRF:12
BRH:2
end_of_record
