TN:
SF:app.js
FNF:0
FNH:0
DA:1,1
DA:2,1
DA:4,1
DA:7,1
DA:9,1
DA:11,1
LF:6
LH:6
BRF:0
BRH:0
end_of_record
TN:
SF:config/DBconfig.js
FNF:0
FNH:0
DA:1,3
DA:3,3
LF:2
LH:2
BRDA:7,0,0,3
BRDA:7,0,1,0
BRF:2
BRH:1
end_of_record
TN:
SF:config/DBinitializer.js
FN:3,(anonymous_0)
FN:9,(anonymous_1)
FN:18,(anonymous_2)
FN:30,(anonymous_3)
FN:41,(anonymous_4)
FN:43,(anonymous_5)
FN:53,(anonymous_6)
FN:56,(anonymous_7)
FN:62,(anonymous_8)
FN:65,(anonymous_9)
FN:70,(anonymous_10)
FN:73,(anonymous_11)
FN:78,(anonymous_12)
FNF:13
FNH:12
FNDA:1,(anonymous_0)
FNDA:1,(anonymous_1)
FNDA:1,(anonymous_2)
FNDA:1,(anonymous_3)
FNDA:1,(anonymous_4)
FNDA:1,(anonymous_5)
FNDA:1,(anonymous_6)
FNDA:1,(anonymous_7)
FNDA:1,(anonymous_8)
FNDA:1,(anonymous_9)
FNDA:1,(anonymous_10)
FNDA:1,(anonymous_11)
FNDA:0,(anonymous_12)
DA:1,1
DA:3,1
DA:5,1
DA:8,1
DA:9,1
DA:10,1
DA:11,0
DA:12,0
DA:14,1
DA:17,1
DA:18,1
DA:19,1
DA:20,0
DA:21,0
DA:23,1
DA:29,1
DA:30,1
DA:31,1
DA:32,0
DA:33,0
DA:35,1
DA:41,1
DA:42,1
DA:43,1
DA:44,1
DA:45,0
DA:46,0
DA:48,1
DA:49,1
DA:53,1
DA:54,1
DA:56,1
DA:57,1
DA:58,1
DA:60,0
DA:63,1
DA:65,1
DA:66,1
DA:67,0
DA:71,1
DA:73,1
DA:74,1
DA:75,1
DA:78,0
DA:80,1
LF:45
LH:34
BRDA:3,0,0,0
BRDA:5,1,0,1
BRDA:5,1,1,0
BRDA:10,2,0,0
BRDA:10,2,1,1
BRDA:19,3,0,0
BRDA:19,3,1,1
BRDA:31,4,0,0
BRDA:31,4,1,1
BRDA:44,5,0,0
BRDA:44,5,1,1
BRDA:57,6,0,1
BRDA:57,6,1,0
BRDA:66,7,0,0
BRDA:66,7,1,1
BRDA:74,8,0,1
BRDA:74,8,1,0
BRF:17
BRH:8
end_of_record
TN:
SF:controller/ArticleController.js
FN:3,(anonymous_0)
FN:5,getArticles
FN:14,(anonymous_2)
FN:17,(anonymous_3)
FN:20,(anonymous_4)
FN:23,(anonymous_5)
FN:26,(anonymous_6)
FN:40,deleteArticles
FN:56,getArticleByID
FN:71,(anonymous_9)
FN:74,(anonymous_10)
FN:77,(anonymous_11)
FN:80,(anonymous_12)
FN:83,(anonymous_13)
FN:97,updateArticleByID
FN:127,(anonymous_15)
FN:130,(anonymous_16)
FN:133,(anonymous_17)
FN:136,(anonymous_18)
FN:139,(anonymous_19)
FN:153,deleteArticleByID
FN:177,createArticle
FN:213,(anonymous_22)
FN:216,(anonymous_23)
FN:219,(anonymous_24)
FN:222,(anonymous_25)
FN:225,(anonymous_26)
FNF:27
FNH:10
FNDA:2,(anonymous_0)
FNDA:2,getArticles
FNDA:1,(anonymous_2)
FNDA:0,(anonymous_3)
FNDA:0,(anonymous_4)
FNDA:0,(anonymous_5)
FNDA:0,(anonymous_6)
FNDA:0,deleteArticles
FNDA:2,getArticleByID
FNDA:1,(anonymous_9)
FNDA:0,(anonymous_10)
FNDA:0,(anonymous_11)
FNDA:0,(anonymous_12)
FNDA:0,(anonymous_13)
FNDA:2,updateArticleByID
FNDA:1,(anonymous_15)
FNDA:0,(anonymous_16)
FNDA:0,(anonymous_17)
FNDA:0,(anonymous_18)
FNDA:0,(anonymous_19)
FNDA:2,deleteArticleByID
FNDA:3,createArticle
FNDA:1,(anonymous_22)
FNDA:0,(anonymous_23)
FNDA:0,(anonymous_24)
FNDA:0,(anonymous_25)
FNDA:0,(anonymous_26)
DA:1,2
DA:3,2
DA:6,2
DA:7,2
DA:9,2
DA:13,2
DA:15,1
DA:18,0
DA:21,0
DA:24,0
DA:27,0
DA:34,0
DA:35,0
DA:36,0
DA:41,0
DA:42,0
DA:43,0
DA:45,0
DA:46,0
DA:50,0
DA:51,0
DA:52,0
DA:57,2
DA:58,2
DA:59,2
DA:61,2
DA:62,1
DA:65,1
DA:68,1
DA:70,1
DA:72,1
DA:75,0
DA:78,0
DA:81,0
DA:84,0
DA:90,0
DA:91,0
DA:92,0
DA:98,2
DA:100,2
DA:107,2
DA:110,2
DA:111,2
DA:114,2
DA:117,2
DA:118,1
DA:122,1
DA:124,1
DA:126,1
DA:128,1
DA:131,0
DA:134,0
DA:137,0
DA:140,0
DA:147,0
DA:149,0
DA:154,2
DA:156,2
DA:157,2
DA:159,2
DA:161,1
DA:162,1
DA:165,0
DA:168,0
DA:172,1
DA:173,1
DA:180,3
DA:181,1
DA:186,2
DA:188,2
DA:189,1
DA:197,1
DA:203,1
DA:205,1
DA:207,1
DA:209,1
DA:211,1
DA:212,1
DA:214,1
DA:217,0
DA:220,0
DA:223,0
DA:226,0
DA:230,0
DA:237,0
DA:244,2
DA:247,2
LF:87
LH:51
BRDA:61,0,0,1
BRDA:61,0,1,1
BRDA:117,1,0,1
BRDA:117,1,1,1
BRDA:161,2,0,1
BRDA:161,2,1,0
BRDA:180,3,0,1
BRDA:180,3,1,2
BRDA:188,4,0,1
BRDA:188,4,1,1
BRDA:188,5,0,2
BRDA:188,5,1,2
BRDA:209,6,0,1
BRDA:209,6,1,0
BRDA:232,7,0,0
BRDA:232,7,1,0
BRDA:238,8,0,0
BRDA:238,8,1,0
BRF:18
BRH:12
end_of_record
TN:
SF:controller/AuthController.js
FN:1,(anonymous_0)
FN:3,signin
FN:54,signup
FNF:3
FNH:3
FNDA:1,(anonymous_0)
FNDA:3,signin
FNDA:3,signup
DA:1,1
DA:4,3
DA:7,3
DA:8,1
DA:11,2
DA:15,2
DA:18,2
DA:20,1
DA:21,1
DA:35,1
DA:38,1
DA:41,1
DA:44,1
DA:48,0
DA:49,0
DA:56,3
DA:59,3
DA:60,1
DA:63,2
DA:65,2
DA:67,2
DA:72,2
DA:74,2
DA:75,1
DA:81,1
DA:83,1
DA:87,1
DA:92,1
DA:107,1
DA:110,1
DA:111,1
DA:115,0
DA:121,1
DA:125,1
LF:34
LH:31
BRDA:7,0,0,1
BRDA:7,0,1,2
BRDA:7,1,0,3
BRDA:7,1,1,3
BRDA:18,2,0,1
BRDA:18,2,1,1
BRDA:18,3,0,2
BRDA:18,3,1,2
BRDA:59,4,0,1
BRDA:59,4,1,2
BRDA:59,5,0,3
BRDA:59,5,1,3
BRDA:59,5,2,2
BRDA:74,6,0,1
BRDA:74,6,1,1
BRF:15
BRH:15
end_of_record
TN:
SF:middleware/Auth.js
FN:1,(anonymous_0)
FN:3,verifyToken
FNF:2
FNH:2
FNDA:1,(anonymous_0)
FNDA:7,verifyToken
DA:1,1
DA:5,7
DA:7,7
DA:9,7
DA:11,7
DA:12,2
DA:23,5
DA:24,5
DA:25,5
DA:26,5
DA:27,5
DA:30,0
DA:31,0
DA:34,5
DA:36,1
DA:39,1
LF:16
LH:14
BRDA:5,0,0,7
BRDA:5,0,1,7
BRDA:5,0,2,7
BRDA:11,1,0,2
BRDA:11,1,1,5
BRF:5
BRH:5
end_of_record
TN:
SF:model/Article.js
FN:4,(anonymous_0)
FN:23,(anonymous_1)
FN:24,(anonymous_2)
FN:26,(anonymous_3)
FN:41,(anonymous_4)
FN:42,(anonymous_5)
FN:46,(anonymous_6)
FN:62,(anonymous_7)
FN:63,(anonymous_8)
FN:68,(anonymous_9)
FN:84,(anonymous_10)
FN:85,(anonymous_11)
FN:89,(anonymous_12)
FN:104,(anonymous_13)
FN:105,(anonymous_14)
FN:107,(anonymous_15)
FN:123,(anonymous_16)
FN:124,(anonymous_17)
FN:128,(anonymous_18)
FNF:19
FNH:12
FNDA:0,(anonymous_0)
FNDA:1,(anonymous_1)
FNDA:1,(anonymous_2)
FNDA:1,(anonymous_3)
FNDA:4,(anonymous_4)
FNDA:4,(anonymous_5)
FNDA:4,(anonymous_6)
FNDA:1,(anonymous_7)
FNDA:1,(anonymous_8)
FNDA:1,(anonymous_9)
FNDA:0,(anonymous_10)
FNDA:0,(anonymous_11)
FNDA:0,(anonymous_12)
FNDA:1,(anonymous_13)
FNDA:1,(anonymous_14)
FNDA:1,(anonymous_15)
FNDA:0,(anonymous_16)
FNDA:0,(anonymous_17)
FNDA:0,(anonymous_18)
DA:1,2
DA:4,2
DA:5,0
DA:6,0
DA:7,0
DA:8,0
DA:11,2
DA:23,2
DA:24,1
DA:26,1
DA:27,1
DA:29,0
DA:30,0
DA:34,1
DA:35,1
DA:41,2
DA:42,4
DA:44,4
DA:46,4
DA:47,4
DA:49,0
DA:50,0
DA:54,4
DA:55,4
DA:62,2
DA:63,1
DA:65,1
DA:67,1
DA:69,1
DA:71,0
DA:72,0
DA:76,1
DA:77,1
DA:84,2
DA:85,0
DA:87,0
DA:89,0
DA:90,0
DA:92,0
DA:93,0
DA:97,0
DA:98,0
DA:104,2
DA:105,1
DA:107,1
DA:108,1
DA:110,0
DA:111,0
DA:114,1
DA:118,1
DA:123,2
DA:124,0
DA:126,0
DA:128,0
DA:129,0
DA:131,0
DA:132,0
DA:135,0
DA:136,0
DA:141,2
LF:60
LH:32
BRDA:27,0,0,0
BRDA:27,0,1,1
BRDA:47,1,0,0
BRDA:47,1,1,4
BRDA:69,2,0,0
BRDA:69,2,1,1
BRDA:90,3,0,0
BRDA:90,3,1,0
BRDA:108,4,0,0
BRDA:108,4,1,1
BRDA:129,5,0,0
BRDA:129,5,1,0
BRF:12
BRH:4
end_of_record
TN:
SF:model/Author.js
FN:4,(anonymous_0)
FN:11,(anonymous_1)
FN:12,(anonymous_2)
FN:16,(anonymous_3)
FN:31,(anonymous_4)
FN:32,(anonymous_5)
FN:34,(anonymous_6)
FNF:7
FNH:6
FNDA:0,(anonymous_0)
FNDA:4,(anonymous_1)
FNDA:4,(anonymous_2)
FNDA:4,(anonymous_3)
FNDA:1,(anonymous_4)
FNDA:1,(anonymous_5)
FNDA:1,(anonymous_6)
DA:1,1
DA:4,1
DA:5,0
DA:6,0
DA:7,0
DA:11,1
DA:12,4
DA:14,4
DA:16,4
DA:17,4
DA:19,0
DA:20,0
DA:24,4
DA:25,4
DA:31,1
DA:32,1
DA:34,1
DA:35,1
DA:37,0
DA:38,0
DA:42,1
DA:43,1
DA:50,1
LF:23
LH:16
BRDA:17,0,0,0
BRDA:17,0,1,4
BRDA:35,1,0,0
BRDA:35,1,1,1
BRF:4
BRH:2
end_of_record
TN:
SF:model/DB.js
FNF:0
FNH:0
DA:1,2
DA:3,2
DA:5,2
DA:27,2
LF:4
LH:4
BRF:0
BRH:0
end_of_record
TN:
SF:routes/Routes.js
FN:12,(anonymous_0)
FN:19,(anonymous_1)
FN:29,(anonymous_2)
FN:40,(anonymous_3)
FN:48,(anonymous_4)
FN:55,(anonymous_5)
FNF:6
FNH:6
FNDA:2,(anonymous_0)
FNDA:7,(anonymous_1)
FNDA:4,(anonymous_2)
FNDA:3,(anonymous_3)
FNDA:3,(anonymous_4)
FNDA:2,(anonymous_5)
DA:1,1
DA:2,1
DA:3,1
DA:4,1
DA:5,1
DA:7,1
DA:8,1
DA:9,1
DA:12,1
DA:13,2
DA:14,2
DA:17,1
DA:20,7
DA:21,7
DA:27,1
DA:30,4
DA:31,4
DA:38,1
DA:42,3
DA:46,1
DA:50,3
DA:55,1
DA:56,2
DA:66,1
LF:24
LH:24
BRF:0
BRH:0
end_of_record
TN:
SF:utils/converter.js
FN:1,(anonymous_0)
FN:3,toArray
FN:9,html
FN:22,(anonymous_3)
FN:29,(anonymous_4)
FN:41,xml
FN:49,(anonymous_6)
FN:53,(anonymous_7)
FN:65,text
FN:78,(anonymous_9)
FN:79,(anonymous_10)
FN:81,(anonymous_11)
FN:88,csv
FN:101,(anonymous_13)
FN:102,(anonymous_14)
FN:104,(anonymous_15)
FN:111,json
FNF:17
FNH:9
FNDA:6,(anonymous_0)
FNDA:3,toArray
FNDA:3,html
FNDA:11,(anonymous_3)
FNDA:3,(anonymous_4)
FNDA:1,xml
FNDA:2,(anonymous_6)
FNDA:6,(anonymous_7)
FNDA:0,text
FNDA:0,(anonymous_9)
FNDA:0,(anonymous_10)
FNDA:0,(anonymous_11)
FNDA:0,csv
FNDA:0,(anonymous_13)
FNDA:0,(anonymous_14)
FNDA:0,(anonymous_15)
FNDA:2,json
DA:1,3
DA:4,3
DA:5,3
DA:6,3
DA:14,3
DA:16,3
DA:19,3
DA:23,11
DA:30,3
DA:43,1
DA:45,0
DA:48,1
DA:50,2
DA:52,2
DA:54,6
DA:67,0
DA:69,0
DA:72,0
DA:74,0
DA:78,0
DA:79,0
DA:81,0
DA:91,0
DA:93,0
DA:96,0
DA:98,0
DA:101,0
DA:102,0
DA:104,0
DA:113,2
DA:116,6
DA:119,3
LF:32
LH:17
BRDA:14,0,0,3
BRDA:14,0,1,0
BRDA:43,1,0,0
BRDA:43,1,1,1
BRDA:67,2,0,0
BRDA:67,2,1,0
BRDA:81,3,0,0
BRDA:81,3,1,0
BRDA:91,4,0,0
BRDA:91,4,1,0
BRDA:104,5,0,0
BRDA:104,5,1,0
BRF:12
BRH:2
end_of_record
